<?xml version="1.0" encoding="UTF-8"?>
<testsuite name="sample.ApplicationTest" tests="1" skipped="0" failures="0" errors="0" timestamp="2019-11-02T18:02:52" hostname="Easywaldo-Mac.local" time="0.105">
  <properties/>
  <testcase name="contextLoads" classname="sample.ApplicationTest" time="0.105"/>
  <system-out><![CDATA[03:02:46.632 [Test worker] DEBUG org.springframework.test.context.junit4.SpringJUnit4ClassRunner - SpringJUnit4ClassRunner constructor called with [class sample.ApplicationTest]
03:02:46.642 [Test worker] DEBUG org.springframework.test.context.BootstrapUtils - Instantiating CacheAwareContextLoaderDelegate from class [org.springframework.test.context.cache.DefaultCacheAwareContextLoaderDelegate]
03:02:46.652 [Test worker] DEBUG org.springframework.test.context.BootstrapUtils - Instantiating BootstrapContext using constructor [public org.springframework.test.context.support.DefaultBootstrapContext(java.lang.Class,org.springframework.test.context.CacheAwareContextLoaderDelegate)]
03:02:46.676 [Test worker] DEBUG org.springframework.test.context.BootstrapUtils - Instantiating TestContextBootstrapper for test class [sample.ApplicationTest] from class [org.springframework.boot.test.context.SpringBootTestContextBootstrapper]
03:02:46.690 [Test worker] INFO org.springframework.boot.test.context.SpringBootTestContextBootstrapper - Neither @ContextConfiguration nor @ContextHierarchy found for test class [sample.ApplicationTest], using SpringBootContextLoader
03:02:46.693 [Test worker] DEBUG org.springframework.test.context.support.AbstractContextLoader - Did not detect default resource location for test class [sample.ApplicationTest]: class path resource [sample/ApplicationTest-context.xml] does not exist
03:02:46.693 [Test worker] DEBUG org.springframework.test.context.support.AbstractContextLoader - Did not detect default resource location for test class [sample.ApplicationTest]: class path resource [sample/ApplicationTestContext.groovy] does not exist
03:02:46.694 [Test worker] INFO org.springframework.test.context.support.AbstractContextLoader - Could not detect default resource locations for test class [sample.ApplicationTest]: no resource found for suffixes {-context.xml, Context.groovy}.
03:02:46.695 [Test worker] INFO org.springframework.test.context.support.AnnotationConfigContextLoaderUtils - Could not detect default configuration classes for test class [sample.ApplicationTest]: ApplicationTest does not declare any static, non-private, non-final, nested classes annotated with @Configuration.
03:02:46.741 [Test worker] DEBUG org.springframework.test.context.support.ActiveProfilesUtils - Could not find an 'annotation declaring class' for annotation type [org.springframework.test.context.ActiveProfiles] and class [sample.ApplicationTest]
03:02:46.819 [Test worker] DEBUG org.springframework.context.annotation.ClassPathScanningCandidateComponentProvider - Identified candidate component class: file [/Users/leejinam/Study/Spring/sample/build/classes/java/main/sample/AccessingDataJpaApplication.class]
03:02:46.832 [Test worker] INFO org.springframework.boot.test.context.SpringBootTestContextBootstrapper - Found @SpringBootConfiguration sample.AccessingDataJpaApplication for test class sample.ApplicationTest
03:02:46.935 [Test worker] DEBUG org.springframework.boot.test.context.SpringBootTestContextBootstrapper - @TestExecutionListeners is not present for class [sample.ApplicationTest]: using defaults.
03:02:46.936 [Test worker] INFO org.springframework.boot.test.context.SpringBootTestContextBootstrapper - Loaded default TestExecutionListener class names from location [META-INF/spring.factories]: [org.springframework.boot.test.autoconfigure.restdocs.RestDocsTestExecutionListener, org.springframework.boot.test.autoconfigure.web.client.MockRestServiceServerResetTestExecutionListener, org.springframework.boot.test.autoconfigure.web.servlet.MockMvcPrintOnlyOnFailureTestExecutionListener, org.springframework.boot.test.autoconfigure.web.servlet.WebDriverTestExecutionListener, org.springframework.boot.test.mock.mockito.MockitoTestExecutionListener, org.springframework.boot.test.mock.mockito.ResetMocksTestExecutionListener, org.springframework.test.context.web.ServletTestExecutionListener, org.springframework.test.context.support.DirtiesContextBeforeModesTestExecutionListener, org.springframework.test.context.support.DependencyInjectionTestExecutionListener, org.springframework.test.context.support.DirtiesContextTestExecutionListener, org.springframework.test.context.transaction.TransactionalTestExecutionListener, org.springframework.test.context.jdbc.SqlScriptsTestExecutionListener]
03:02:46.955 [Test worker] INFO org.springframework.boot.test.context.SpringBootTestContextBootstrapper - Using TestExecutionListeners: [org.springframework.test.context.web.ServletTestExecutionListener@628a5403, org.springframework.test.context.support.DirtiesContextBeforeModesTestExecutionListener@165e6005, org.springframework.boot.test.mock.mockito.MockitoTestExecutionListener@3f115f23, org.springframework.boot.test.autoconfigure.SpringBootDependencyInjectionTestExecutionListener@88c138c, org.springframework.test.context.support.DirtiesContextTestExecutionListener@389664d2, org.springframework.test.context.transaction.TransactionalTestExecutionListener@5dad658d, org.springframework.test.context.jdbc.SqlScriptsTestExecutionListener@68f0d15c, org.springframework.boot.test.autoconfigure.restdocs.RestDocsTestExecutionListener@8bfbd, org.springframework.boot.test.autoconfigure.web.client.MockRestServiceServerResetTestExecutionListener@bb3eb9a, org.springframework.boot.test.autoconfigure.web.servlet.MockMvcPrintOnlyOnFailureTestExecutionListener@3d84766c, org.springframework.boot.test.autoconfigure.web.servlet.WebDriverTestExecutionListener@53103ab1, org.springframework.boot.test.mock.mockito.ResetMocksTestExecutionListener@16208239]
03:02:46.958 [Test worker] DEBUG org.springframework.test.annotation.ProfileValueUtils - Retrieved @ProfileValueSourceConfiguration [null] for test class [sample.ApplicationTest]
03:02:46.958 [Test worker] DEBUG org.springframework.test.annotation.ProfileValueUtils - Retrieved ProfileValueSource type [class org.springframework.test.annotation.SystemProfileValueSource] for class [sample.ApplicationTest]
03:02:46.959 [Test worker] DEBUG org.springframework.test.annotation.ProfileValueUtils - Retrieved @ProfileValueSourceConfiguration [null] for test class [sample.ApplicationTest]
03:02:46.959 [Test worker] DEBUG org.springframework.test.annotation.ProfileValueUtils - Retrieved ProfileValueSource type [class org.springframework.test.annotation.SystemProfileValueSource] for class [sample.ApplicationTest]
03:02:46.963 [Test worker] DEBUG org.springframework.test.context.support.AbstractDirtiesContextTestExecutionListener - Before test class: context [DefaultTestContext@6293ec21 testClass = ApplicationTest, testInstance = [null], testMethod = [null], testException = [null], mergedContextConfiguration = [WebMergedContextConfiguration@5abb7930 testClass = ApplicationTest, locations = '{}', classes = '{class sample.AccessingDataJpaApplication}', contextInitializerClasses = '[]', activeProfiles = '{}', propertySourceLocations = '{}', propertySourceProperties = '{org.springframework.boot.test.context.SpringBootTestContextBootstrapper=true}', contextCustomizers = set[org.springframework.boot.test.autoconfigure.properties.PropertyMappingContextCustomizer@0, org.springframework.boot.test.autoconfigure.web.servlet.WebDriverContextCustomizerFactory$Customizer@4544c97d, org.springframework.boot.test.context.filter.ExcludeFilterContextCustomizer@62b941a, org.springframework.boot.test.json.DuplicateJsonObjectContextCustomizerFactory$DuplicateJsonObjectContextCustomizer@443b87f5, org.springframework.boot.test.mock.mockito.MockitoContextCustomizer@0, org.springframework.boot.test.web.client.TestRestTemplateContextCustomizer@f9b166c], resourceBasePath = 'src/main/webapp', contextLoader = 'org.springframework.boot.test.context.SpringBootContextLoader', parent = [null]], attributes = map['org.springframework.test.context.web.ServletTestExecutionListener.activateListener' -> true]], class annotated with @DirtiesContext [false] with mode [null].
03:02:46.964 [Test worker] DEBUG org.springframework.test.annotation.ProfileValueUtils - Retrieved @ProfileValueSourceConfiguration [null] for test class [sample.ApplicationTest]
03:02:46.964 [Test worker] DEBUG org.springframework.test.annotation.ProfileValueUtils - Retrieved ProfileValueSource type [class org.springframework.test.annotation.SystemProfileValueSource] for class [sample.ApplicationTest]
03:02:46.985 [Test worker] DEBUG org.springframework.test.context.support.TestPropertySourceUtils - Adding inlined properties to environment: {spring.jmx.enabled=false, org.springframework.boot.test.context.SpringBootTestContextBootstrapper=true, server.port=-1}

  .   ____          _            __ _ _
 /\\ / ___'_ __ _ _(_)_ __  __ _ \ \ \ \
( ( )\___ | '_ | '_| | '_ \/ _` | \ \ \ \
 \\/  ___)| |_)| | | | | || (_| |  ) ) ) )
  '  |____| .__|_| |_|_| |_\__, | / / / /
 =========|_|==============|___/=/_/_/_/
 :: Spring Boot ::        (v2.1.7.RELEASE)

2019-11-03 03:02:47.450  INFO 98313 --- [    Test worker] sample.ApplicationTest                   : Starting ApplicationTest on Easywaldo-Mac.local with PID 98313 (started by leejinam in /Users/leejinam/Study/Spring/sample)
2019-11-03 03:02:47.451  INFO 98313 --- [    Test worker] sample.ApplicationTest                   : No active profile set, falling back to default profiles: default
2019-11-03 03:02:48.045  INFO 98313 --- [    Test worker] .s.d.r.c.RepositoryConfigurationDelegate : Bootstrapping Spring Data repositories in DEFAULT mode.
2019-11-03 03:02:48.111  INFO 98313 --- [    Test worker] .s.d.r.c.RepositoryConfigurationDelegate : Finished Spring Data repository scanning in 58ms. Found 1 repository interfaces.
2019-11-03 03:02:48.550  INFO 98313 --- [    Test worker] trationDelegate$BeanPostProcessorChecker : Bean 'org.springframework.transaction.annotation.ProxyTransactionManagementConfiguration' of type [org.springframework.transaction.annotation.ProxyTransactionManagementConfiguration$$EnhancerBySpringCGLIB$$a60276f7] is not eligible for getting processed by all BeanPostProcessors (for example: not eligible for auto-proxying)
2019-11-03 03:02:48.783  INFO 98313 --- [    Test worker] com.zaxxer.hikari.HikariDataSource       : HikariPool-1 - Starting...
2019-11-03 03:02:49.044  INFO 98313 --- [    Test worker] com.zaxxer.hikari.HikariDataSource       : HikariPool-1 - Start completed.
2019-11-03 03:02:49.169  INFO 98313 --- [    Test worker] o.hibernate.jpa.internal.util.LogHelper  : HHH000204: Processing PersistenceUnitInfo [
	name: default
	...]
2019-11-03 03:02:49.259  INFO 98313 --- [    Test worker] org.hibernate.Version                    : HHH000412: Hibernate Core {5.3.10.Final}
2019-11-03 03:02:49.260  INFO 98313 --- [    Test worker] org.hibernate.cfg.Environment            : HHH000206: hibernate.properties not found
2019-11-03 03:02:49.418  INFO 98313 --- [    Test worker] o.hibernate.annotations.common.Version   : HCANN000001: Hibernate Commons Annotations {5.0.4.Final}
2019-11-03 03:02:49.565  INFO 98313 --- [    Test worker] org.hibernate.dialect.Dialect            : HHH000400: Using dialect: org.hibernate.dialect.H2Dialect
2019-11-03 03:02:50.204  INFO 98313 --- [    Test worker] o.h.t.schema.internal.SchemaCreatorImpl  : HHH000476: Executing import script 'org.hibernate.tool.schema.internal.exec.ScriptSourceInputNonExistentImpl@7107e75f'
2019-11-03 03:02:50.207  INFO 98313 --- [    Test worker] j.LocalContainerEntityManagerFactoryBean : Initialized JPA EntityManagerFactory for persistence unit 'default'
2019-11-03 03:02:51.184  INFO 98313 --- [    Test worker] o.s.s.concurrent.ThreadPoolTaskExecutor  : Initializing ExecutorService 'applicationTaskExecutor'
2019-11-03 03:02:51.243  WARN 98313 --- [    Test worker] aWebConfiguration$JpaWebMvcConfiguration : spring.jpa.open-in-view is enabled by default. Therefore, database queries may be performed during view rendering. Explicitly configure spring.jpa.open-in-view to disable this warning
2019-11-03 03:02:51.604  INFO 98313 --- [    Test worker] sample.ApplicationTest                   : Started ApplicationTest in 4.611 seconds (JVM running for 5.689)
2019-11-03 03:02:51.798  INFO 98313 --- [    Test worker] sample.AccessingDataJpaApplication       : Customers found with findAll():
2019-11-03 03:02:51.798  INFO 98313 --- [    Test worker] sample.AccessingDataJpaApplication       : -------------------------------
2019-11-03 03:02:51.817  INFO 98313 --- [    Test worker] o.h.h.i.QueryTranslatorFactoryInitiator  : HHH000397: Using ASTQueryTranslatorFactory
2019-11-03 03:02:51.923  INFO 98313 --- [    Test worker] sample.AccessingDataJpaApplication       : Customer[id=1, firstName='Jack', lastName='Bauer']
2019-11-03 03:02:51.923  INFO 98313 --- [    Test worker] sample.AccessingDataJpaApplication       : Customer[id=2, firstName='Chloe', lastName='O'Brian']
2019-11-03 03:02:51.923  INFO 98313 --- [    Test worker] sample.AccessingDataJpaApplication       : Customer[id=3, firstName='Kim', lastName='Bauer']
2019-11-03 03:02:51.923  INFO 98313 --- [    Test worker] sample.AccessingDataJpaApplication       : Customer[id=4, firstName='David', lastName='Palmer']
2019-11-03 03:02:51.923  INFO 98313 --- [    Test worker] sample.AccessingDataJpaApplication       : Customer[id=5, firstName='Michelle', lastName='Dessler']
2019-11-03 03:02:51.924  INFO 98313 --- [    Test worker] sample.AccessingDataJpaApplication       : 
2019-11-03 03:02:51.930  INFO 98313 --- [    Test worker] sample.AccessingDataJpaApplication       : Customer found with findById(1L):
2019-11-03 03:02:51.930  INFO 98313 --- [    Test worker] sample.AccessingDataJpaApplication       : --------------------------------
2019-11-03 03:02:51.930  INFO 98313 --- [    Test worker] sample.AccessingDataJpaApplication       : Customer[id=1, firstName='Jack', lastName='Bauer']
2019-11-03 03:02:51.930  INFO 98313 --- [    Test worker] sample.AccessingDataJpaApplication       : 
2019-11-03 03:02:51.931  INFO 98313 --- [    Test worker] sample.AccessingDataJpaApplication       : Customer found with findByLastName('Bauer'):
2019-11-03 03:02:51.931  INFO 98313 --- [    Test worker] sample.AccessingDataJpaApplication       : --------------------------------------------
2019-11-03 03:02:51.976  INFO 98313 --- [    Test worker] sample.AccessingDataJpaApplication       : Customer[id=1, firstName='Jack', lastName='Bauer']
2019-11-03 03:02:51.977  INFO 98313 --- [    Test worker] sample.AccessingDataJpaApplication       : Customer[id=3, firstName='Kim', lastName='Bauer']
2019-11-03 03:02:51.977  INFO 98313 --- [    Test worker] sample.AccessingDataJpaApplication       : 
]]></system-out>
  <system-err><![CDATA[]]></system-err>
</testsuite>
