<?xml version="1.0" encoding="UTF-8"?>
<testsuite name="sample.GreetingControllerTest" tests="2" skipped="0" failures="0" errors="0" timestamp="2019-11-02T18:02:53" hostname="Easywaldo-Mac.local" time="0.239">
  <properties/>
  <testcase name="greetingShouldReturnDefaultMessage" classname="sample.GreetingControllerTest" time="0.237"/>
  <testcase name="contextLoads" classname="sample.GreetingControllerTest" time="0.001"/>
  <system-out><![CDATA[2019-11-03 03:02:52.110  INFO 98313 --- [    Test worker] .b.t.c.SpringBootTestContextBootstrapper : Neither @ContextConfiguration nor @ContextHierarchy found for test class [sample.GreetingControllerTest], using SpringBootContextLoader
2019-11-03 03:02:52.111  INFO 98313 --- [    Test worker] o.s.t.c.support.AbstractContextLoader    : Could not detect default resource locations for test class [sample.GreetingControllerTest]: no resource found for suffixes {-context.xml, Context.groovy}.
2019-11-03 03:02:52.111  INFO 98313 --- [    Test worker] t.c.s.AnnotationConfigContextLoaderUtils : Could not detect default configuration classes for test class [sample.GreetingControllerTest]: GreetingControllerTest does not declare any static, non-private, non-final, nested classes annotated with @Configuration.
2019-11-03 03:02:52.113  INFO 98313 --- [    Test worker] .b.t.c.SpringBootTestContextBootstrapper : Found @SpringBootConfiguration sample.AccessingDataJpaApplication for test class sample.GreetingControllerTest
2019-11-03 03:02:52.114  INFO 98313 --- [    Test worker] .b.t.c.SpringBootTestContextBootstrapper : Loaded default TestExecutionListener class names from location [META-INF/spring.factories]: [org.springframework.boot.test.autoconfigure.restdocs.RestDocsTestExecutionListener, org.springframework.boot.test.autoconfigure.web.client.MockRestServiceServerResetTestExecutionListener, org.springframework.boot.test.autoconfigure.web.servlet.MockMvcPrintOnlyOnFailureTestExecutionListener, org.springframework.boot.test.autoconfigure.web.servlet.WebDriverTestExecutionListener, org.springframework.boot.test.mock.mockito.MockitoTestExecutionListener, org.springframework.boot.test.mock.mockito.ResetMocksTestExecutionListener, org.springframework.test.context.web.ServletTestExecutionListener, org.springframework.test.context.support.DirtiesContextBeforeModesTestExecutionListener, org.springframework.test.context.support.DependencyInjectionTestExecutionListener, org.springframework.test.context.support.DirtiesContextTestExecutionListener, org.springframework.test.context.transaction.TransactionalTestExecutionListener, org.springframework.test.context.jdbc.SqlScriptsTestExecutionListener]
2019-11-03 03:02:52.115  INFO 98313 --- [    Test worker] .b.t.c.SpringBootTestContextBootstrapper : Using TestExecutionListeners: [org.springframework.test.context.web.ServletTestExecutionListener@4d3ff659, org.springframework.test.context.support.DirtiesContextBeforeModesTestExecutionListener@1b5f1071, org.springframework.boot.test.mock.mockito.MockitoTestExecutionListener@2998ccd, org.springframework.boot.test.autoconfigure.SpringBootDependencyInjectionTestExecutionListener@4b57f4e0, org.springframework.test.context.support.DirtiesContextTestExecutionListener@79e85eed, org.springframework.test.context.transaction.TransactionalTestExecutionListener@1a570539, org.springframework.test.context.jdbc.SqlScriptsTestExecutionListener@54660d5a, org.springframework.boot.test.autoconfigure.restdocs.RestDocsTestExecutionListener@20e203c2, org.springframework.boot.test.autoconfigure.web.client.MockRestServiceServerResetTestExecutionListener@1b462e05, org.springframework.boot.test.autoconfigure.web.servlet.MockMvcPrintOnlyOnFailureTestExecutionListener@391a8e99, org.springframework.boot.test.autoconfigure.web.servlet.WebDriverTestExecutionListener@5d72483d, org.springframework.boot.test.mock.mockito.ResetMocksTestExecutionListener@6dbebc42]

  .   ____          _            __ _ _
 /\\ / ___'_ __ _ _(_)_ __  __ _ \ \ \ \
( ( )\___ | '_ | '_| | '_ \/ _` | \ \ \ \
 \\/  ___)| |_)| | | | | || (_| |  ) ) ) )
  '  |____| .__|_| |_|_| |_\__, | / / / /
 =========|_|==============|___/=/_/_/_/
 :: Spring Boot ::        (v2.1.7.RELEASE)

2019-11-03 03:02:52.143  INFO 98313 --- [    Test worker] sample.GreetingControllerTest            : Starting GreetingControllerTest on Easywaldo-Mac.local with PID 98313 (started by leejinam in /Users/leejinam/Study/Spring/sample)
2019-11-03 03:02:52.144  INFO 98313 --- [    Test worker] sample.GreetingControllerTest            : No active profile set, falling back to default profiles: default
2019-11-03 03:02:52.288  INFO 98313 --- [    Test worker] .s.d.r.c.RepositoryConfigurationDelegate : Bootstrapping Spring Data repositories in DEFAULT mode.
2019-11-03 03:02:52.295  INFO 98313 --- [    Test worker] .s.d.r.c.RepositoryConfigurationDelegate : Finished Spring Data repository scanning in 6ms. Found 1 repository interfaces.
2019-11-03 03:02:52.370  INFO 98313 --- [    Test worker] trationDelegate$BeanPostProcessorChecker : Bean 'org.springframework.transaction.annotation.ProxyTransactionManagementConfiguration' of type [org.springframework.transaction.annotation.ProxyTransactionManagementConfiguration$$EnhancerBySpringCGLIB$$a60276f7] is not eligible for getting processed by all BeanPostProcessors (for example: not eligible for auto-proxying)
2019-11-03 03:02:52.604  INFO 98313 --- [    Test worker] o.s.b.w.embedded.tomcat.TomcatWebServer  : Tomcat initialized with port(s): 0 (http)
2019-11-03 03:02:52.638  INFO 98313 --- [    Test worker] o.apache.catalina.core.StandardService   : Starting service [Tomcat]
2019-11-03 03:02:52.639  INFO 98313 --- [    Test worker] org.apache.catalina.core.StandardEngine  : Starting Servlet engine: [Apache Tomcat/9.0.22]
2019-11-03 03:02:52.778  INFO 98313 --- [    Test worker] o.a.c.c.C.[Tomcat].[localhost].[/]       : Initializing Spring embedded WebApplicationContext
2019-11-03 03:02:52.778  INFO 98313 --- [    Test worker] o.s.web.context.ContextLoader            : Root WebApplicationContext: initialization completed in 633 ms
2019-11-03 03:02:52.972  INFO 98313 --- [    Test worker] com.zaxxer.hikari.HikariDataSource       : HikariPool-2 - Starting...
2019-11-03 03:02:52.973  INFO 98313 --- [    Test worker] com.zaxxer.hikari.HikariDataSource       : HikariPool-2 - Start completed.
2019-11-03 03:02:52.989  INFO 98313 --- [    Test worker] o.hibernate.jpa.internal.util.LogHelper  : HHH000204: Processing PersistenceUnitInfo [
	name: default
	...]
2019-11-03 03:02:52.993  INFO 98313 --- [    Test worker] org.hibernate.dialect.Dialect            : HHH000400: Using dialect: org.hibernate.dialect.H2Dialect
2019-11-03 03:02:53.021  INFO 98313 --- [    Test worker] o.h.t.schema.internal.SchemaCreatorImpl  : HHH000476: Executing import script 'org.hibernate.tool.schema.internal.exec.ScriptSourceInputNonExistentImpl@7107e75f'
2019-11-03 03:02:53.022  INFO 98313 --- [    Test worker] j.LocalContainerEntityManagerFactoryBean : Initialized JPA EntityManagerFactory for persistence unit 'default'
2019-11-03 03:02:53.254  INFO 98313 --- [    Test worker] o.s.s.concurrent.ThreadPoolTaskExecutor  : Initializing ExecutorService 'applicationTaskExecutor'
2019-11-03 03:02:53.264  WARN 98313 --- [    Test worker] aWebConfiguration$JpaWebMvcConfiguration : spring.jpa.open-in-view is enabled by default. Therefore, database queries may be performed during view rendering. Explicitly configure spring.jpa.open-in-view to disable this warning
2019-11-03 03:02:53.503  INFO 98313 --- [    Test worker] o.s.b.w.embedded.tomcat.TomcatWebServer  : Tomcat started on port(s): 61757 (http) with context path ''
2019-11-03 03:02:53.504  INFO 98313 --- [    Test worker] sample.GreetingControllerTest            : Started GreetingControllerTest in 1.387 seconds (JVM running for 7.589)
2019-11-03 03:02:53.512  INFO 98313 --- [    Test worker] sample.AccessingDataJpaApplication       : Customers found with findAll():
2019-11-03 03:02:53.512  INFO 98313 --- [    Test worker] sample.AccessingDataJpaApplication       : -------------------------------
2019-11-03 03:02:53.513  INFO 98313 --- [    Test worker] o.h.h.i.QueryTranslatorFactoryInitiator  : HHH000397: Using ASTQueryTranslatorFactory
2019-11-03 03:02:53.516  INFO 98313 --- [    Test worker] sample.AccessingDataJpaApplication       : Customer[id=1, firstName='Jack', lastName='Bauer']
2019-11-03 03:02:53.516  INFO 98313 --- [    Test worker] sample.AccessingDataJpaApplication       : Customer[id=2, firstName='Chloe', lastName='O'Brian']
2019-11-03 03:02:53.516  INFO 98313 --- [    Test worker] sample.AccessingDataJpaApplication       : Customer[id=3, firstName='Kim', lastName='Bauer']
2019-11-03 03:02:53.517  INFO 98313 --- [    Test worker] sample.AccessingDataJpaApplication       : Customer[id=4, firstName='David', lastName='Palmer']
2019-11-03 03:02:53.517  INFO 98313 --- [    Test worker] sample.AccessingDataJpaApplication       : Customer[id=5, firstName='Michelle', lastName='Dessler']
2019-11-03 03:02:53.517  INFO 98313 --- [    Test worker] sample.AccessingDataJpaApplication       : 
2019-11-03 03:02:53.519  INFO 98313 --- [    Test worker] sample.AccessingDataJpaApplication       : Customer found with findById(1L):
2019-11-03 03:02:53.519  INFO 98313 --- [    Test worker] sample.AccessingDataJpaApplication       : --------------------------------
2019-11-03 03:02:53.519  INFO 98313 --- [    Test worker] sample.AccessingDataJpaApplication       : Customer[id=1, firstName='Jack', lastName='Bauer']
2019-11-03 03:02:53.519  INFO 98313 --- [    Test worker] sample.AccessingDataJpaApplication       : 
2019-11-03 03:02:53.519  INFO 98313 --- [    Test worker] sample.AccessingDataJpaApplication       : Customer found with findByLastName('Bauer'):
2019-11-03 03:02:53.520  INFO 98313 --- [    Test worker] sample.AccessingDataJpaApplication       : --------------------------------------------
2019-11-03 03:02:53.524  INFO 98313 --- [    Test worker] sample.AccessingDataJpaApplication       : Customer[id=1, firstName='Jack', lastName='Bauer']
2019-11-03 03:02:53.524  INFO 98313 --- [    Test worker] sample.AccessingDataJpaApplication       : Customer[id=3, firstName='Kim', lastName='Bauer']
2019-11-03 03:02:53.524  INFO 98313 --- [    Test worker] sample.AccessingDataJpaApplication       : 
2019-11-03 03:02:53.635  INFO 98313 --- [o-auto-1-exec-1] o.a.c.c.C.[Tomcat].[localhost].[/]       : Initializing Spring DispatcherServlet 'dispatcherServlet'
2019-11-03 03:02:53.635  INFO 98313 --- [o-auto-1-exec-1] o.s.web.servlet.DispatcherServlet        : Initializing Servlet 'dispatcherServlet'
2019-11-03 03:02:53.659  INFO 98313 --- [o-auto-1-exec-1] o.s.web.servlet.DispatcherServlet        : Completed initialization in 24 ms
]]></system-out>
  <system-err><![CDATA[]]></system-err>
</testsuite>
