<?xml version="1.0" encoding="UTF-8"?>
<testsuite name="sample.GreetingControllerTest" tests="2" skipped="0" failures="0" errors="0" timestamp="2019-11-01T15:19:53" hostname="Easywaldo-Mac.local" time="0.357">
  <properties/>
  <testcase name="greetingShouldReturnDefaultMessage" classname="sample.GreetingControllerTest" time="0.354"/>
  <testcase name="contextLoads" classname="sample.GreetingControllerTest" time="0.002"/>
  <system-out><![CDATA[2019-11-02 00:19:52.547  INFO 20702 --- [    Test worker] .b.t.c.SpringBootTestContextBootstrapper : Neither @ContextConfiguration nor @ContextHierarchy found for test class [sample.GreetingControllerTest], using SpringBootContextLoader
2019-11-02 00:19:52.548  INFO 20702 --- [    Test worker] o.s.t.c.support.AbstractContextLoader    : Could not detect default resource locations for test class [sample.GreetingControllerTest]: no resource found for suffixes {-context.xml, Context.groovy}.
2019-11-02 00:19:52.549  INFO 20702 --- [    Test worker] t.c.s.AnnotationConfigContextLoaderUtils : Could not detect default configuration classes for test class [sample.GreetingControllerTest]: GreetingControllerTest does not declare any static, non-private, non-final, nested classes annotated with @Configuration.
2019-11-02 00:19:52.553  INFO 20702 --- [    Test worker] .b.t.c.SpringBootTestContextBootstrapper : Found @SpringBootConfiguration sample.Application for test class sample.GreetingControllerTest
2019-11-02 00:19:52.556  INFO 20702 --- [    Test worker] .b.t.c.SpringBootTestContextBootstrapper : Loaded default TestExecutionListener class names from location [META-INF/spring.factories]: [org.springframework.boot.test.autoconfigure.restdocs.RestDocsTestExecutionListener, org.springframework.boot.test.autoconfigure.web.client.MockRestServiceServerResetTestExecutionListener, org.springframework.boot.test.autoconfigure.web.servlet.MockMvcPrintOnlyOnFailureTestExecutionListener, org.springframework.boot.test.autoconfigure.web.servlet.WebDriverTestExecutionListener, org.springframework.boot.test.mock.mockito.MockitoTestExecutionListener, org.springframework.boot.test.mock.mockito.ResetMocksTestExecutionListener, org.springframework.test.context.web.ServletTestExecutionListener, org.springframework.test.context.support.DirtiesContextBeforeModesTestExecutionListener, org.springframework.test.context.support.DependencyInjectionTestExecutionListener, org.springframework.test.context.support.DirtiesContextTestExecutionListener, org.springframework.test.context.transaction.TransactionalTestExecutionListener, org.springframework.test.context.jdbc.SqlScriptsTestExecutionListener]
2019-11-02 00:19:52.558  INFO 20702 --- [    Test worker] .b.t.c.SpringBootTestContextBootstrapper : Using TestExecutionListeners: [org.springframework.test.context.web.ServletTestExecutionListener@51a57ee2, org.springframework.test.context.support.DirtiesContextBeforeModesTestExecutionListener@123845f1, org.springframework.boot.test.mock.mockito.MockitoTestExecutionListener@1f37e5be, org.springframework.boot.test.autoconfigure.SpringBootDependencyInjectionTestExecutionListener@46a9e58, org.springframework.test.context.support.DirtiesContextTestExecutionListener@7ec2a259, org.springframework.boot.test.autoconfigure.restdocs.RestDocsTestExecutionListener@2e8567bd, org.springframework.boot.test.autoconfigure.web.client.MockRestServiceServerResetTestExecutionListener@ebf7dc6, org.springframework.boot.test.autoconfigure.web.servlet.MockMvcPrintOnlyOnFailureTestExecutionListener@5e77aa17, org.springframework.boot.test.autoconfigure.web.servlet.WebDriverTestExecutionListener@354c0bea, org.springframework.boot.test.mock.mockito.ResetMocksTestExecutionListener@30713a71]

  .   ____          _            __ _ _
 /\\ / ___'_ __ _ _(_)_ __  __ _ \ \ \ \
( ( )\___ | '_ | '_| | '_ \/ _` | \ \ \ \
 \\/  ___)| |_)| | | | | || (_| |  ) ) ) )
  '  |____| .__|_| |_|_| |_\__, | / / / /
 =========|_|==============|___/=/_/_/_/
 :: Spring Boot ::        (v2.0.4.RELEASE)

2019-11-02 00:19:52.610  INFO 20702 --- [    Test worker] sample.GreetingControllerTest            : Starting GreetingControllerTest on Easywaldo-Mac.local with PID 20702 (started by leejinam in /Users/leejinam/Study/Spring/sample)
2019-11-02 00:19:52.611  INFO 20702 --- [    Test worker] sample.GreetingControllerTest            : No active profile set, falling back to default profiles: default
2019-11-02 00:19:52.615  INFO 20702 --- [    Test worker] ConfigServletWebServerApplicationContext : Refreshing org.springframework.boot.web.servlet.context.AnnotationConfigServletWebServerApplicationContext@54bde4e8: startup date [Sat Nov 02 00:19:52 KST 2019]; root of context hierarchy
2019-11-02 00:19:53.274  INFO 20702 --- [    Test worker] o.s.b.w.embedded.tomcat.TomcatWebServer  : Tomcat initialized with port(s): 0 (http)
2019-11-02 00:19:53.315  INFO 20702 --- [    Test worker] o.apache.catalina.core.StandardService   : Starting service [Tomcat]
2019-11-02 00:19:53.316  INFO 20702 --- [    Test worker] org.apache.catalina.core.StandardEngine  : Starting Servlet Engine: Apache Tomcat/8.5.32
2019-11-02 00:19:53.330  INFO 20702 --- [ost-startStop-1] o.a.catalina.core.AprLifecycleListener   : The APR based Apache Tomcat Native library which allows optimal performance in production environments was not found on the java.library.path: [/Users/leejinam/Library/Java/Extensions:/Library/Java/Extensions:/Network/Library/Java/Extensions:/System/Library/Java/Extensions:/usr/lib/java:.]
2019-11-02 00:19:53.461  INFO 20702 --- [ost-startStop-1] o.a.c.c.C.[Tomcat].[localhost].[/]       : Initializing Spring embedded WebApplicationContext
2019-11-02 00:19:53.462  INFO 20702 --- [ost-startStop-1] o.s.web.context.ContextLoader            : Root WebApplicationContext: initialization completed in 848 ms
2019-11-02 00:19:53.534  INFO 20702 --- [ost-startStop-1] o.s.b.w.servlet.ServletRegistrationBean  : Servlet dispatcherServlet mapped to [/]
2019-11-02 00:19:53.540  INFO 20702 --- [ost-startStop-1] o.s.b.w.servlet.FilterRegistrationBean   : Mapping filter: 'characterEncodingFilter' to: [/*]
2019-11-02 00:19:53.540  INFO 20702 --- [ost-startStop-1] o.s.b.w.servlet.FilterRegistrationBean   : Mapping filter: 'hiddenHttpMethodFilter' to: [/*]
2019-11-02 00:19:53.540  INFO 20702 --- [ost-startStop-1] o.s.b.w.servlet.FilterRegistrationBean   : Mapping filter: 'httpPutFormContentFilter' to: [/*]
2019-11-02 00:19:53.541  INFO 20702 --- [ost-startStop-1] o.s.b.w.servlet.FilterRegistrationBean   : Mapping filter: 'requestContextFilter' to: [/*]
2019-11-02 00:19:53.653  INFO 20702 --- [    Test worker] o.s.w.s.handler.SimpleUrlHandlerMapping  : Mapped URL path [/**/favicon.ico] onto handler of type [class org.springframework.web.servlet.resource.ResourceHttpRequestHandler]
2019-11-02 00:19:53.761  INFO 20702 --- [    Test worker] s.w.s.m.m.a.RequestMappingHandlerAdapter : Looking for @ControllerAdvice: org.springframework.boot.web.servlet.context.AnnotationConfigServletWebServerApplicationContext@54bde4e8: startup date [Sat Nov 02 00:19:52 KST 2019]; root of context hierarchy
2019-11-02 00:19:53.779  INFO 20702 --- [    Test worker] s.w.s.m.m.a.RequestMappingHandlerMapping : Mapped "{[/greeting]}" onto public sample.Greeting sample.GreetingController.greeting(java.lang.String)
2019-11-02 00:19:53.780  INFO 20702 --- [    Test worker] s.w.s.m.m.a.RequestMappingHandlerMapping : Mapped "{[/add]}" onto public void sample.GreetingController.Add(java.lang.Long,java.lang.String)
2019-11-02 00:19:53.780  INFO 20702 --- [    Test worker] s.w.s.m.m.a.RequestMappingHandlerMapping : Mapped "{[/search]}" onto public sample.Greeting sample.GreetingController.Search(long)
2019-11-02 00:19:53.784  INFO 20702 --- [    Test worker] s.w.s.m.m.a.RequestMappingHandlerMapping : Mapped "{[/error]}" onto public org.springframework.http.ResponseEntity<java.util.Map<java.lang.String, java.lang.Object>> org.springframework.boot.autoconfigure.web.servlet.error.BasicErrorController.error(javax.servlet.http.HttpServletRequest)
2019-11-02 00:19:53.785  INFO 20702 --- [    Test worker] s.w.s.m.m.a.RequestMappingHandlerMapping : Mapped "{[/error],produces=[text/html]}" onto public org.springframework.web.servlet.ModelAndView org.springframework.boot.autoconfigure.web.servlet.error.BasicErrorController.errorHtml(javax.servlet.http.HttpServletRequest,javax.servlet.http.HttpServletResponse)
2019-11-02 00:19:53.810  INFO 20702 --- [    Test worker] o.s.w.s.handler.SimpleUrlHandlerMapping  : Mapped URL path [/webjars/**] onto handler of type [class org.springframework.web.servlet.resource.ResourceHttpRequestHandler]
2019-11-02 00:19:53.810  INFO 20702 --- [    Test worker] o.s.w.s.handler.SimpleUrlHandlerMapping  : Mapped URL path [/**] onto handler of type [class org.springframework.web.servlet.resource.ResourceHttpRequestHandler]
2019-11-02 00:19:53.974  INFO 20702 --- [    Test worker] o.s.b.w.embedded.tomcat.TomcatWebServer  : Tomcat started on port(s): 55136 (http) with context path ''
2019-11-02 00:19:53.976  INFO 20702 --- [    Test worker] sample.GreetingControllerTest            : Started GreetingControllerTest in 1.414 seconds (JVM running for 5.603)
2019-11-02 00:19:54.137  INFO 20702 --- [o-auto-1-exec-1] o.a.c.c.C.[Tomcat].[localhost].[/]       : Initializing Spring FrameworkServlet 'dispatcherServlet'
2019-11-02 00:19:54.138  INFO 20702 --- [o-auto-1-exec-1] o.s.web.servlet.DispatcherServlet        : FrameworkServlet 'dispatcherServlet': initialization started
2019-11-02 00:19:54.182  INFO 20702 --- [o-auto-1-exec-1] o.s.web.servlet.DispatcherServlet        : FrameworkServlet 'dispatcherServlet': initialization completed in 44 ms
]]></system-out>
  <system-err><![CDATA[]]></system-err>
</testsuite>
